# JRE version: OpenJDK Runtime Environment AdoptOpenJDK (11.0.8+10) (build 11.0.8+10)
# Java VM: OpenJDK 64-Bit Server VM AdoptOpenJDK (11.0.8+10, mixed mode, tiered, compressed oops, g1 gc, windows-amd64)
Heap:
 garbage-first heap   total 877568K, used 147217K [0x00000000a0000000, 0x0000000100000000)
  region size 1024K, 2 young (2048K), 2 survivors (2048K)
 Metaspace       used 115871K, capacity 118982K, committed 119116K, reserved 1153024K
  class space    used 14466K, capacity 15619K, committed 15692K, reserved 1048576K
GC Heap History (20 events):
Event: 89.930 GC heap after
{Heap after GC invocations=93 (full 0):
 garbage-first heap   total 316416K, used 124583K [0x00000000a0000000, 0x0000000100000000)
  region size 1024K, 2 young (2048K), 2 survivors (2048K)
 Metaspace       used 114686K, capacity 117598K, committed 118092K, reserved 1150976K
  class space    used 14348K, capacity 15447K, committed 15692K, reserved 1048576K
}
Event: 90.231 GC heap before
{Heap before GC invocations=93 (full 0):
 garbage-first heap   total 316416K, used 255655K [0x00000000a0000000, 0x0000000100000000)
  region size 1024K, 131 young (134144K), 2 survivors (2048K)
 Metaspace       used 114731K, capacity 117671K, committed 118348K, reserved 1153024K
  class space    used 14348K, capacity 15448K, committed 15692K, reserved 1048576K
}
Event: 90.243 GC heap after
{Heap after GC invocations=94 (full 0):
 garbage-first heap   total 316416K, used 135962K [0x00000000a0000000, 0x0000000100000000)
  region size 1024K, 13 young (13312K), 13 survivors (13312K)
 Metaspace       used 114731K, capacity 117671K, committed 118348K, reserved 1153024K
  class space    used 14348K, capacity 15448K, committed 15692K, reserved 1048576K
}
Event: 90.558 GC heap before
{Heap before GC invocations=94 (full 0):
 garbage-first heap   total 316416K, used 262938K [0x00000000a0000000, 0x0000000100000000)
  region size 1024K, 138 young (141312K), 13 survivors (13312K)
 Metaspace       used 114809K, capacity 117753K, committed 118348K, reserved 1153024K
  class space    used 14354K, capacity 15453K, committed 15692K, reserved 1048576K
}
Event: 90.593 GC heap after
{Heap after GC invocations=95 (full 0):
 garbage-first heap   total 316416K, used 143840K [0x00000000a0000000, 0x0000000100000000)
  region size 1024K, 12 young (12288K), 12 survivors (12288K)
 Metaspace       used 114809K, capacity 117753K, committed 118348K, reserved 1153024K
  class space    used 14354K, capacity 15453K, committed 15692K, reserved 1048576K
}
Event: 90.926 GC heap before
{Heap before GC invocations=95 (full 0):
 garbage-first heap   total 316416K, used 255456K [0x00000000a0000000, 0x0000000100000000)
  region size 1024K, 122 young (124928K), 12 survivors (12288K)
 Metaspace       used 114969K, capacity 117899K, committed 118348K, reserved 1153024K
  class space    used 14371K, capacity 15456K, committed 15692K, reserved 1048576K
}
Event: 90.960 GC heap after
{Heap after GC invocations=96 (full 0):
 garbage-first heap   total 413696K, used 147200K [0x00000000a0000000, 0x0000000100000000)
  region size 1024K, 6 young (6144K), 6 survivors (6144K)
 Metaspace       used 114969K, capacity 117899K, committed 118348K, reserved 1153024K
  class space    used 14371K, capacity 15456K, committed 15692K, reserved 1048576K
}
Event: 92.318 GC heap before
{Heap before GC invocations=97 (full 0):
 garbage-first heap   total 413696K, used 322304K [0x00000000a0000000, 0x0000000100000000)
  region size 1024K, 178 young (182272K), 6 survivors (6144K)
 Metaspace       used 115117K, capacity 118042K, committed 118604K, reserved 1153024K
  class space    used 14387K, capacity 15461K, committed 15692K, reserved 1048576K
}
Event: 93.085 GC heap after
{Heap after GC invocations=98 (full 0):
 garbage-first heap   total 413696K, used 152165K [0x00000000a0000000, 0x0000000100000000)
  region size 1024K, 12 young (12288K), 12 survivors (12288K)
 Metaspace       used 115117K, capacity 118042K, committed 118604K, reserved 1153024K
  class space    used 14387K, capacity 15461K, committed 15692K, reserved 1048576K
}
Event: 93.124 GC heap before
{Heap before GC invocations=98 (full 0):
 garbage-first heap   total 413696K, used 160357K [0x00000000a0000000, 0x0000000100000000)
  region size 1024K, 20 young (20480K), 12 survivors (12288K)
 Metaspace       used 115145K, capacity 118144K, committed 118604K, reserved 1153024K
  class space    used 14392K, capacity 15495K, committed 15692K, reserved 1048576K
}
Event: 93.151 GC heap after
{Heap after GC invocations=99 (full 0):
 garbage-first heap   total 413696K, used 149676K [0x00000000a0000000, 0x0000000100000000)
  region size 1024K, 2 young (2048K), 2 survivors (2048K)
 Metaspace       used 115145K, capacity 118144K, committed 118604K, reserved 1153024K
  class space    used 14392K, capacity 15495K, committed 15692K, reserved 1048576K
}
Event: 93.366 GC heap before
{Heap before GC invocations=99 (full 0):
 garbage-first heap   total 413696K, used 229548K [0x00000000a0000000, 0x0000000100000000)
  region size 1024K, 80 young (81920K), 2 survivors (2048K)
 Metaspace       used 115462K, capacity 118443K, committed 118860K, reserved 1153024K
  class space    used 14439K, capacity 15554K, committed 15692K, reserved 1048576K
}
Event: 93.380 GC heap after
{Heap after GC invocations=100 (full 0):
 garbage-first heap   total 413696K, used 151747K [0x00000000a0000000, 0x0000000100000000)
  region size 1024K, 4 young (4096K), 4 survivors (4096K)
 Metaspace       used 115462K, capacity 118443K, committed 118860K, reserved 1153024K
  class space    used 14439K, capacity 15554K, committed 15692K, reserved 1048576K
}
Event: 93.965 GC heap before
{Heap before GC invocations=100 (full 0):
 garbage-first heap   total 413696K, used 335043K [0x00000000a0000000, 0x0000000100000000)
  region size 1024K, 184 young (188416K), 4 survivors (4096K)
 Metaspace       used 115701K, capacity 118800K, committed 119116K, reserved 1153024K
  class space    used 14462K, capacity 15613K, committed 15692K, reserved 1048576K
}
Event: 93.973 GC heap after
{Heap after GC invocations=101 (full 0):
 garbage-first heap   total 413696K, used 156856K [0x00000000a0000000, 0x0000000100000000)
  region size 1024K, 9 young (9216K), 9 survivors (9216K)
 Metaspace       used 115701K, capacity 118800K, committed 119116K, reserved 1153024K
  class space    used 14462K, capacity 15613K, committed 15692K, reserved 1048576K
}
Event: 94.583 GC heap before
{Heap before GC invocations=101 (full 0):
 garbage-first heap   total 413696K, used 339128K [0x00000000a0000000, 0x0000000100000000)
  region size 1024K, 188 young (192512K), 9 survivors (9216K)
 Metaspace       used 115756K, capacity 118884K, committed 119116K, reserved 1153024K
  class space    used 14466K, capacity 15619K, committed 15692K, reserved 1048576K
}
Event: 94.629 GC heap after
{Heap after GC invocations=102 (full 0):
 garbage-first heap   total 413696K, used 158554K [0x00000000a0000000, 0x0000000100000000)
  region size 1024K, 11 young (11264K), 11 survivors (11264K)
 Metaspace       used 115756K, capacity 118884K, committed 119116K, reserved 1153024K
  class space    used 14466K, capacity 15619K, committed 15692K, reserved 1048576K
}
Event: 95.777 GC heap before
{Heap before GC invocations=103 (full 0):
 garbage-first heap   total 413696K, used 342874K [0x00000000a0000000, 0x0000000100000000)
  region size 1024K, 191 young (195584K), 11 survivors (11264K)
 Metaspace       used 115870K, capacity 118982K, committed 119116K, reserved 1153024K
  class space    used 14466K, capacity 15619K, committed 15692K, reserved 1048576K
}
Event: 95.805 GC heap after
{Heap after GC invocations=104 (full 0):
 garbage-first heap   total 413696K, used 157326K [0x00000000a0000000, 0x0000000100000000)
  region size 1024K, 10 young (10240K), 10 survivors (10240K)
 Metaspace       used 115870K, capacity 118982K, committed 119116K, reserved 1153024K
  class space    used 14466K, capacity 15619K, committed 15692K, reserved 1048576K
}
Event: 95.856 GC heap before
{Heap before GC invocations=104 (full 0):
 garbage-first heap   total 413696K, used 167566K [0x00000000a0000000, 0x0000000100000000)
  region size 1024K, 20 young (20480K), 10 survivors (10240K)
 Metaspace       used 115871K, capacity 118982K, committed 119116K, reserved 1153024K
  class space    used 14466K, capacity 15619K, committed 15692K, reserved 1048576K
}

